2019-12-12 10:26:52<xml><ToUserName><![CDATA[gh_7c673baa4190]]></ToUserName>
<FromUserName><![CDATA[oBigBt1IVwTjPHOCmsZDMv_vgJdI]]></FromUserName>
<CreateTime>1576046615</CreateTime>
<MsgType><![CDATA[event]]></MsgType>
<Event><![CDATA[subscribe]]></Event>
<EventKey><![CDATA[]]></EventKey>
</xml>2019-12-12 10:43:02<xml><ToUserName><![CDATA[gh_7c673baa4190]]></ToUserName>
<FromUserName><![CDATA[oBigBt1IVwTjPHOCmsZDMv_vgJdI]]></FromUserName>
<CreateTime>1576046615</CreateTime>
<MsgType><![CDATA[event]]></MsgType>
<Event><![CDATA[subscribe]]></Event>
<EventKey><![CDATA[]]></EventKey>
</xml>2019-12-12 10:43:52<xml><ToUserName><![CDATA[gh_7c673baa4190]]></ToUserName>
<FromUserName><![CDATA[oBigBt1IVwTjPHOCmsZDMv_vgJdI]]></FromUserName>
<CreateTime>1576046615</CreateTime>
<MsgType><![CDATA[event]]></MsgType>
<Event><![CDATA[subscribe]]></Event>
<EventKey><![CDATA[]]></EventKey>
</xml>2019-12-12 10:49:02<xml><ToUserName><![CDATA[gh_7c673baa4190]]></ToUserName>
<FromUserName><![CDATA[oBigBt1IVwTjPHOCmsZDMv_vgJdI]]></FromUserName>
<CreateTime>1576046615</CreateTime>
<MsgType><![CDATA[event]]></MsgType>
<Event><![CDATA[subscribe]]></Event>
<EventKey><![CDATA[]]></EventKey>
</xml>2019-12-12 10:51:08<xml><ToUserName><![CDATA[gh_7c673baa4190]]></ToUserName>
<FromUserName><![CDATA[oBigBt1IVwTjPHOCmsZDMv_vgJdI]]></FromUserName>
<CreateTime>1576046615</CreateTime>
<MsgType><![CDATA[event]]></MsgType>
<Event><![CDATA[subscribe]]></Event>
<EventKey><![CDATA[]]></EventKey>
</xml>2019-12-12 10:55:37<xml><ToUserName><![CDATA[gh_7c673baa4190]]></ToUserName>
<FromUserName><![CDATA[oBigBt1IVwTjPHOCmsZDMv_vgJdI]]></FromUserName>
<CreateTime>1576046615</CreateTime>
<MsgType><![CDATA[event]]></MsgType>
<Event><![CDATA[subscribe]]></Event>
<EventKey><![CDATA[]]></EventKey>
</xml>2019-12-12 10:58:24</xml>2019-12-12 10:57:27<xml><ToUserName><![CDATA[gh_7c673baa4190]]></ToUserName>
<FromUserName><![CDATA[oBigBty_hSP6d8UMwiK1-vKsZHh4]]></FromUserName>
<CreateTime>1576119447</CreateTime>
<MsgType><![CDATA[event]]></MsgType>
<Event><![CDATA[subscribe]]></Event>
<EventKey><![CDATA[]]></EventKey>
</xml>2019-12-12 11:03:33</xml>2019-12-12 10:57:27<xml><ToUserName><![CDATA[gh_7c673baa4190]]></ToUserName>
<FromUserName><![CDATA[oBigBty_hSP6d8UMwiK1-vKsZHh4]]></FromUserName>
<CreateTime>1576119447</CreateTime>
<MsgType><![CDATA[event]]></MsgType>
<Event><![CDATA[subscribe]]></Event>
<EventKey><![CDATA[]]></EventKey>
</xml>2019-12-12 11:20:37<xml>
<ToUserName><![CDATA[gh_7c673baa4190]]></ToUserName>
<FromUserName><![CDATA[oBigBty_hSP6d8UMwiK1-vKsZHh4]]></FromUserName>
<CreateTime>1576119447</CreateTime>
<MsgType><![CDATA[event]]></MsgType>
<Event><![CDATA[subscribe]]></Event>
<EventKey><![CDATA[]]></EventKey>
</xml>2019-12-12 11:21:11<xml>
<ToUserName><![CDATA[gh_7c673baa4190]]></ToUserName>
<FromUserName><![CDATA[oBigBty_hSP6d8UMwiK1-vKsZHh4]]></FromUserName>
<CreateTime>1576119447</CreateTime>
<MsgType><![CDATA[event]]></MsgType>
<Event><![CDATA[subscribe]]></Event>
<EventKey><![CDATA[]]></EventKey>
</xml>2019-12-12 11:23:48</xml>
2019-12-12 10:57:27<xml><ToUserName><![CDATA[gh_7c673baa4190]]></ToUserName>
<FromUserName><![CDATA[oBigBty_hSP6d8UMwiK1-vKsZHh4]]></FromUserName>
<CreateTime>1576119447</CreateTime>
<MsgType><![CDATA[event]]></MsgType>
<Event><![CDATA[subscribe]]></Event>
<EventKey><![CDATA[]]></EventKey>
</xml>2019-12-12 11:24:08<xml>
<ToUserName><![CDATA[gh_7c673baa4190]]></ToUserName>
<FromUserName><![CDATA[oBigBty_hSP6d8UMwiK1-vKsZHh4]]></FromUserName>
<CreateTime>1576119447</CreateTime>
<MsgType><![CDATA[event]]></MsgType>
<Event><![CDATA[subscribe]]></Event>
<EventKey><![CDATA[]]></EventKey>
</xml>